<?xml version="1.0" encoding="UTF-8"?>
<!-- Generated by org.testng.reporters.JUnitReportReporter -->
<testsuite hostname="LAPTOP-QA2FEKA3" failures="0" tests="3" name="com.mmt.test.HotelTab" time="16.928" errors="0" timestamp="2024-03-20T18:41:22 IST" skipped="0">
  <testcase classname="com.mmt.test.HotelTab" name="hotelHome" time="1.111"/>
  <testcase classname="com.mmt.test.HotelTab" name="bookRoom" time="3.815"/>
  <testcase classname="com.mmt.test.HotelTab" name="selectCheckInOut" time="12.002"/>
</testsuite> <!-- com.mmt.test.HotelTab -->
