<?xml version="1.0" encoding="UTF-8"?>
<!-- Generated by org.testng.reporters.JUnitReportReporter -->
<testsuite hostname="LAPTOP-QA2FEKA3" failures="0" tests="3" name="com.makemytrip.genericPages.HotelTab" time="17.515" errors="0" timestamp="2024-02-28T20:58:27 IST" skipped="0">
  <testcase classname="com.makemytrip.genericPages.HotelTab" name="hotelHome" time="2.134"/>
  <testcase classname="com.makemytrip.genericPages.HotelTab" name="bookRoom" time="3.676"/>
  <testcase classname="com.makemytrip.genericPages.HotelTab" name="selectCheckInOut" time="11.705"/>
</testsuite> <!-- com.makemytrip.genericPages.HotelTab -->
